[debug] [2017-06-06T21:49:15.122Z] ----------------------------------------------------------------------
[debug] [2017-06-06T21:49:15.124Z] Command:      /Users/kishan/.nvm/versions/node/v7.10.0/bin/node /Users/kishan/.nvm/versions/node/v7.10.0/bin/firebase open
[debug] [2017-06-06T21:49:15.125Z] CLI Version:  3.9.1
[debug] [2017-06-06T21:49:15.125Z] Platform:     darwin
[debug] [2017-06-06T21:49:15.125Z] Node Version: v7.10.0
[debug] [2017-06-06T21:49:15.126Z] Time:         Tue Jun 06 2017 14:49:15 GMT-0700 (PDT)
[debug] [2017-06-06T21:49:15.126Z] ----------------------------------------------------------------------
[debug] 
[debug] [2017-06-06T21:49:15.137Z] > command requires scopes: ["email","openid","https://www.googleapis.com/auth/cloudplatformprojects.readonly","https://www.googleapis.com/auth/firebase"]
[debug] [2017-06-06T21:49:15.137Z] > authorizing via signed-in user
[debug] [2017-06-06T21:49:15.139Z] > refreshing access token with scopes: ["email","https://www.googleapis.com/auth/cloudplatformprojects.readonly","https://www.googleapis.com/auth/firebase","openid"]
[debug] [2017-06-06T21:49:15.139Z] >>> HTTP REQUEST POST https://www.googleapis.com/oauth2/v3/token { refresh_token: '1/5eWSZjB1yunHYISuykbVBFRnIQNntU196AMqgs3zAEM',
  client_id: '563584335869-fgrhgmd47bqnekij5i8b5pr03ho849e6.apps.googleusercontent.com',
  client_secret: 'j9iVZfS8kkCEFUPaAeJV0sAi',
  grant_type: 'refresh_token',
  scope: 'email https://www.googleapis.com/auth/cloudplatformprojects.readonly https://www.googleapis.com/auth/firebase openid' } 
 Tue Jun 06 2017 14:49:15 GMT-0700 (PDT)
[debug] [2017-06-06T21:49:15.349Z] <<< HTTP RESPONSE 200
[debug] [2017-06-06T21:49:15.364Z] >>> HTTP REQUEST GET https://admin.firebase.com/v1/projects/library-app-8d004  
 Tue Jun 06 2017 14:49:15 GMT-0700 (PDT)
[debug] [2017-06-06T21:49:15.881Z] <<< HTTP RESPONSE 200
[debug] [2017-06-06T21:49:15.883Z] >>> HTTP REQUEST GET https://admin.firebase.com/v1/database/library-app-8d004/tokens  
 Tue Jun 06 2017 14:49:15 GMT-0700 (PDT)
[debug] [2017-06-06T21:49:16.483Z] <<< HTTP RESPONSE 500
[debug] [2017-06-06T21:49:16.484Z] <<< HTTP RESPONSE BODY
[error] 
[error] Error: HTTP Error: 500, An unknown error occurred. Please contact support.
[debug] [2017-06-06T21:49:16.489Z] Error Context: {
  "body": {
    "error": {
      "code": "UNKNOWN_ERROR",
      "message": "An unknown error occurred. Please contact support."
    }
  },
  "response": {
    "statusCode": 500,
    "body": {
      "error": {
        "code": "UNKNOWN_ERROR",
        "message": "An unknown error occurred. Please contact support."
      }
    },
    "headers": {
      "server": "nginx",
      "date": "Tue, 06 Jun 2017 21:49:16 GMT",
      "content-type": "application/json; charset=utf-8",
      "content-length": "97",
      "connection": "close",
      "x-content-type-options": "nosniff"
    },
    "request": {
      "uri": {
        "protocol": "https:",
        "slashes": true,
        "auth": null,
        "host": "admin.firebase.com",
        "port": 443,
        "hostname": "admin.firebase.com",
        "hash": null,
        "search": null,
        "query": null,
        "pathname": "/v1/database/library-app-8d004/tokens",
        "path": "/v1/database/library-app-8d004/tokens",
        "href": "https://admin.firebase.com/v1/database/library-app-8d004/tokens"
      },
      "method": "GET"
    }
  }
}
